Log file open, 12/13/24 17:20:20
LogWindows: Failed to load 'aqProf.dll' (GetLastError=126)
LogWindows: File 'aqProf.dll' does not exist
LogWindows: Failed to load 'VtuneApi.dll' (GetLastError=126)
LogWindows: File 'VtuneApi.dll' does not exist
LogWindows: Failed to load 'VtuneApi32e.dll' (GetLastError=126)
LogWindows: File 'VtuneApi32e.dll' does not exist
LogConsoleResponse: Display: Failed to find resolution value strings in scalability ini. Falling back to default.
LogConsoleResponse: Display: Failed to find resolution value strings in scalability ini. Falling back to default.
LogInit: Display: Running engine for game: Maze_ER
LogInit: Display: Project file not found: ../../../Maze_ER/Maze_ER.uproject
LogInit: Display: 	Attempting to find via project info helper.
LogUProjectInfo: Found projects:
LogPakFile: Display: Found Pak file ../../../Maze_ER/Content/Paks/Maze_ER-WindowsNoEditor.pak attempting to mount.
LogPakFile: Display: Mounting pak file ../../../Maze_ER/Content/Paks/Maze_ER-WindowsNoEditor.pak.
LogPakFile: PakFile PrimaryIndexSize=26994
LogPakFile: PakFile PathHashIndexSize=45578
LogPakFile: PakFile FullDirectoryIndexSize=56787
LogShaderLibrary: Display: ShaderCodeLibraryPakFileMountedCallback: PakFile '../../../Maze_ER/Content/Paks/Maze_ER-WindowsNoEditor.pak' (chunk index -1, root '../../../') mounted
LogShaderLibrary: Display: ShaderCodeLibraryPakFileMountedCallback: pending pak file info (ChunkID:-1 Root:../../../ File:../../../Maze_ER/Content/Paks/Maze_ER-WindowsNoEditor.pak)
LogPakFile: OnPakFileMounted2Time == 0.000027
LogPlatformFile: Not using cached read wrapper
LogTaskGraph: Started task graph with 5 named threads and 35 total threads with 3 sets of task threads.
LogStats: Stats thread started at 0.061139
LogICUInternationalization: ICU TimeZone Detection - Raw Offset: +1:00, Platform Override: ''
LogInit: Display: Loading text-based GConfig....
LogPluginManager: Mounting plugin Paper2D
LogPluginManager: Mounting plugin AISupport
LogPluginManager: Mounting plugin EnvironmentQueryEditor
LogPluginManager: Mounting plugin LightPropagationVolume
LogPluginManager: Mounting plugin CameraShakePreviewer
LogPluginManager: Mounting plugin GameplayCameras
LogPluginManager: Mounting plugin TemplateSequence
LogPluginManager: Mounting plugin LevelSequenceEditor
LogPluginManager: Mounting plugin OodleData
LogPluginManager: Mounting plugin OodleNetwork
LogPluginManager: Mounting plugin AnimationSharing
LogPluginManager: Mounting plugin SignificanceManager
LogPluginManager: Mounting plugin PixWinPlugin
LogPluginManager: Mounting plugin PluginUtils
LogPluginManager: Mounting plugin PropertyAccessEditor
LogPluginManager: Mounting plugin UObjectPlugin
LogPluginManager: Mounting plugin AssetManagerEditor
LogPluginManager: Mounting plugin FacialAnimation
LogPluginManager: Mounting plugin GeometryMode
LogPluginManager: Mounting plugin SpeedTreeImporter
LogPluginManager: Mounting plugin DatasmithContent
LogPluginManager: Mounting plugin VariantManagerContent
LogPluginManager: Mounting plugin AlembicImporter
LogPluginManager: Mounting plugin GeometryCache
LogPluginManager: Mounting plugin AutomationUtils
LogPluginManager: Mounting plugin ScreenshotTools
LogPluginManager: Mounting plugin BackChannel
LogPluginManager: Mounting plugin ChaosClothEditor
LogPluginManager: Mounting plugin ChaosCloth
LogPluginManager: Mounting plugin ChaosEditor
LogPluginManager: Mounting plugin PlanarCut
LogPluginManager: Mounting plugin GeometryProcessing
LogPluginManager: Mounting plugin EditableMesh
LogPluginManager: Mounting plugin GeometryCollectionPlugin
LogPluginManager: Mounting plugin ProceduralMeshComponent
LogPluginManager: Mounting plugin ChaosSolverPlugin
LogPluginManager: Mounting plugin ChaosNiagara
LogPluginManager: Mounting plugin Niagara
LogPluginManager: Mounting plugin PythonScriptPlugin
LogPluginManager: Mounting plugin CharacterAI
LogPluginManager: Mounting plugin MotoSynth
LogPluginManager: Mounting plugin OpenImageDenoise
LogPluginManager: Mounting plugin PlatformCrypto
LogPluginManager: Mounting plugin MagicLeapPassableWorld
LogPluginManager: Mounting plugin MagicLeap
LogPluginManager: Mounting plugin MLSDK
LogPluginManager: Mounting plugin MagicLeapLightEstimation
LogPluginManager: Mounting plugin AvfMedia
LogPluginManager: Mounting plugin ImgMedia
LogPluginManager: Mounting plugin MediaCompositing
LogPluginManager: Mounting plugin WmfMedia
LogPluginManager: Mounting plugin MeshPainting
LogPluginManager: Mounting plugin TcpMessaging
LogPluginManager: Mounting plugin UdpMessaging
LogPluginManager: Mounting plugin ActorSequence
LogPluginManager: Mounting plugin MatineeToLevelSequence
LogPluginManager: Mounting plugin OnlineSubsystemNull
LogPluginManager: Mounting plugin OnlineSubsystem
LogPluginManager: Mounting plugin OnlineSubsystemUtils
LogPluginManager: Mounting plugin LauncherChunkInstaller
LogPluginManager: Mounting plugin ActorLayerUtilities
LogPluginManager: Mounting plugin AndroidPermission
LogPluginManager: Mounting plugin AppleImageUtils
LogPluginManager: Mounting plugin ArchVisCharacter
LogPluginManager: Mounting plugin AssetTags
LogPluginManager: Mounting plugin AudioCapture
LogPluginManager: Mounting plugin CableComponent
LogPluginManager: Mounting plugin ChunkDownloader
LogPluginManager: Mounting plugin CustomMeshComponent
LogPluginManager: Mounting plugin ExampleDeviceProfileSelector
LogPluginManager: Mounting plugin GooglePAD
LogPluginManager: Mounting plugin LocationServicesBPLibrary
LogPluginManager: Mounting plugin MobilePatchingUtils
LogPluginManager: Mounting plugin OculusVR
LogPluginManager: Mounting plugin OpenXREyeTracker
LogPluginManager: Mounting plugin OpenXR
LogPluginManager: Mounting plugin OpenXRHandTracking
LogPluginManager: Mounting plugin LiveLink
LogPluginManager: Mounting plugin Takes
LogPluginManager: Mounting plugin PhysXVehicles
LogPluginManager: Mounting plugin RuntimePhysXCooking
LogPluginManager: Mounting plugin SoundFields
LogPluginManager: Mounting plugin SteamVR
LogPluginManager: Mounting plugin Synthesis
LogPluginManager: Mounting plugin AudioSynesthesia
LogPluginManager: Mounting plugin WebMMoviePlayer
LogPluginManager: Mounting plugin WebMMedia
LogPluginManager: Mounting plugin WindowsMoviePlayer
PixWinPlugin: PIX capture plugin failed to initialize! Check that the process is launched from PIX.
LogLuminAPIImpl: Warning: MLSDK not found.  This likely means the MLSDK environment variable is not set.
LogInit: Using libcurl 7.55.1-DEV
LogInit:  - built for x86_64-pc-win32
LogInit:  - supports SSL with OpenSSL/1.1.1
LogInit:  - supports HTTP deflate (compression) using libz 1.2.8
LogInit:  - other features:
LogInit:      CURL_VERSION_SSL
LogInit:      CURL_VERSION_LIBZ
LogInit:      CURL_VERSION_IPV6
LogInit:      CURL_VERSION_ASYNCHDNS
LogInit:      CURL_VERSION_LARGEFILE
LogInit:      CURL_VERSION_IDN
LogInit:  CurlRequestOptions (configurable via config and command line):
LogInit:  - bVerifyPeer = true  - Libcurl will verify peer certificate
LogInit:  - bUseHttpProxy = false  - Libcurl will NOT use HTTP proxy
LogInit:  - bDontReuseConnections = false  - Libcurl will reuse connections
LogInit:  - MaxHostConnections = 16  - Libcurl will limit the number of connections to a host
LogInit:  - LocalHostAddr = Default
LogInit:  - BufferSize = 65536
LogOnline: OSS: Creating online subsystem instance for: NULL
LogInit: WinSock: version 1.1 (2.2), MaxSocks=32767, MaxUdp=65467
LogOnline: OSS: TryLoadSubsystemAndSetDefault: Loaded subsystem for module [NULL]
LogOculusPluginWrapper: OculusPlugin initialized successfully
LogHMD: Failed initializing OVRPlugin 1.59.0
LogInit: Build: ++UE4+Release-4.27-CL-18319896
LogInit: Engine Version: 4.27.2-18319896+++UE4+Release-4.27
LogInit: Compatible Engine Version: 4.27.0-17155196+++UE4+Release-4.27
LogInit: Net CL: 17155196
LogInit: OS: Windows 10 (Release 2009) (), CPU: AMD Ryzen 5 5600 6-Core Processor              , GPU: NVIDIA GeForce RTX 3060
LogInit: Compiled (64-bit): Nov 30 2021 07:26:28
LogInit: Compiled with Visual C++: 19.16.27032.01
LogInit: Build Configuration: Development
LogInit: Branch Name: ++UE4+Release-4.27
LogInit: Command Line: 
LogInit: Base Directory: C:/Users/PC/Desktop/maze/Builds/WindowsNoEditor/Engine/Binaries/Win64/
LogInit: Allocator: binned2
LogInit: Installed Engine Build: 0
LogDevObjectVersion: Number of dev versions registered: 29
LogDevObjectVersion:   Dev-Blueprints (B0D832E4-1F89-4F0D-ACCF-7EB736FD4AA2): 10
LogDevObjectVersion:   Dev-Build (E1C64328-A22C-4D53-A36C-8E866417BD8C): 0
LogDevObjectVersion:   Dev-Core (375EC13C-06E4-48FB-B500-84F0262A717E): 4
LogDevObjectVersion:   Dev-Editor (E4B068ED-F494-42E9-A231-DA0B2E46BB41): 40
LogDevObjectVersion:   Dev-Framework (CFFC743F-43B0-4480-9391-14DF171D2073): 37
LogDevObjectVersion:   Dev-Mobile (B02B49B5-BB20-44E9-A304-32B752E40360): 3
LogDevObjectVersion:   Dev-Networking (A4E4105C-59A1-49B5-A7C5-40C4547EDFEE): 0
LogDevObjectVersion:   Dev-Online (39C831C9-5AE6-47DC-9A44-9C173E1C8E7C): 0
LogDevObjectVersion:   Dev-Physics (78F01B33-EBEA-4F98-B9B4-84EACCB95AA2): 14
LogDevObjectVersion:   Dev-Platform (6631380F-2D4D-43E0-8009-CF276956A95A): 0
LogDevObjectVersion:   Dev-Rendering (12F88B9F-8875-4AFC-A67C-D90C383ABD29): 45
LogDevObjectVersion:   Dev-Sequencer (7B5AE74C-D270-4C10-A958-57980B212A5A): 13
LogDevObjectVersion:   Dev-VR (D7296918-1DD6-4BDD-9DE2-64A83CC13884): 3
LogDevObjectVersion:   Dev-LoadTimes (C2A15278-BFE7-4AFE-6C17-90FF531DF755): 1
LogDevObjectVersion:   Private-Geometry (6EACA3D4-40EC-4CC1-B786-8BED09428FC5): 3
LogDevObjectVersion:   Dev-AnimPhys (29E575DD-E0A3-4627-9D10-D276232CDCEA): 17
LogDevObjectVersion:   Dev-Anim (AF43A65D-7FD3-4947-9873-3E8ED9C1BB05): 15
LogDevObjectVersion:   Dev-ReflectionCapture (6B266CEC-1EC7-4B8F-A30B-E4D90942FC07): 1
LogDevObjectVersion:   Dev-Automation (0DF73D61-A23F-47EA-B727-89E90C41499A): 1
LogDevObjectVersion:   FortniteMain (601D1886-AC64-4F84-AA16-D3DE0DEAC7D6): 47
LogDevObjectVersion:   FortniteRelease (E7086368-6B23-4C58-8439-1B7016265E91): 1
LogDevObjectVersion:   Dev-Enterprise (9DFFBCD6-494F-0158-E221-12823C92A888): 10
LogDevObjectVersion:   Dev-Niagara (F2AED0AC-9AFE-416F-8664-AA7FFA26D6FC): 1
LogDevObjectVersion:   Dev-Destruction (174F1F0B-B4C6-45A5-B13F-2EE8D0FB917D): 10
LogDevObjectVersion:   Dev-Physics-Ext (35F94A83-E258-406C-A318-09F59610247C): 41
LogDevObjectVersion:   Dev-PhysicsMaterial-Chaos (B68FC16E-8B1B-42E2-B453-215C058844FE): 1
LogDevObjectVersion:   Dev-CineCamera (B2E18506-4273-CFC2-A54E-F4BB758BBA07): 1
LogDevObjectVersion:   Dev-VirtualProduction (64F58936-FD1B-42BA-BA96-7289D5D0FA4E): 1
LogDevObjectVersion:   Dev-MediaFramework (6F0ED827-A609-4895-9C91-998D90180EA4): 2
LogInit: Presizing for max 2097152 objects, including 1 objects not considered by GC, pre-allocating 0 bytes for permanent pool.
LogConfig: Applying CVar settings from Section [/Script/Engine.StreamingSettings] File [../../../Maze_ER/Saved/Config/WindowsNoEditor/Engine.ini]
LogConfig: Setting CVar [[s.MinBulkDataSizeForAsyncLoading:131072]]
LogConfig: Setting CVar [[s.AsyncLoadingThreadEnabled:0]]
LogConfig: Setting CVar [[s.EventDrivenLoaderEnabled:1]]
LogConfig: Setting CVar [[s.WarnIfTimeLimitExceeded:0]]
LogConfig: Setting CVar [[s.TimeLimitExceededMultiplier:1.5]]
LogConfig: Setting CVar [[s.TimeLimitExceededMinTime:0.005]]
LogConfig: Setting CVar [[s.UseBackgroundLevelStreaming:1]]
LogConfig: Setting CVar [[s.PriorityAsyncLoadingExtraTime:15.0]]
LogConfig: Setting CVar [[s.LevelStreamingActorsUpdateTimeLimit:5.0]]
LogConfig: Setting CVar [[s.PriorityLevelStreamingActorsUpdateExtraTime:5.0]]
LogConfig: Setting CVar [[s.LevelStreamingComponentsRegistrationGranularity:10]]
LogConfig: Setting CVar [[s.UnregisterComponentsTimeLimit:1.0]]
LogConfig: Setting CVar [[s.LevelStreamingComponentsUnregistrationGranularity:5]]
LogConfig: Setting CVar [[s.FlushStreamingOnExit:1]]
LogStreaming: Display: Async Loading initialized: Event Driven Loader: true, Async Loading Thread: false, Async Post Load: true
LogInit: Object subsystem initialized
LogConfig: Setting CVar [[con.DebugEarlyDefault:1]]
LogConfig: Setting CVar [[r.setres:1280x720]]
LogConfig: Setting CVar [[fx.NiagaraAllowRuntimeScalabilityChanges:1]]
[2024.12.13-16.20.20:753][  0]LogConfig: Setting CVar [[con.DebugEarlyDefault:1]]
[2024.12.13-16.20.20:753][  0]LogConfig: Setting CVar [[r.setres:1280x720]]
[2024.12.13-16.20.20:753][  0]LogConfig: Setting CVar [[fx.NiagaraAllowRuntimeScalabilityChanges:1]]
[2024.12.13-16.20.20:753][  0]LogConfig: Applying CVar settings from Section [/Script/Engine.RendererSettings] File [../../../Maze_ER/Saved/Config/WindowsNoEditor/Engine.ini]
[2024.12.13-16.20.20:753][  0]LogConfig: Setting CVar [[r.GPUCrashDebugging:0]]
[2024.12.13-16.20.20:753][  0]LogConfig: Applying CVar settings from Section [/Script/Engine.RendererOverrideSettings] File [../../../Maze_ER/Saved/Config/WindowsNoEditor/Engine.ini]
[2024.12.13-16.20.20:753][  0]LogConfig: Applying CVar settings from Section [/Script/Engine.StreamingSettings] File [../../../Maze_ER/Saved/Config/WindowsNoEditor/Engine.ini]
[2024.12.13-16.20.20:753][  0]LogConfig: Setting CVar [[s.MinBulkDataSizeForAsyncLoading:131072]]
[2024.12.13-16.20.20:753][  0]LogConfig: Setting CVar [[s.AsyncLoadingThreadEnabled:0]]
[2024.12.13-16.20.20:753][  0]LogConfig: Setting CVar [[s.EventDrivenLoaderEnabled:1]]
[2024.12.13-16.20.20:753][  0]LogConfig: Setting CVar [[s.WarnIfTimeLimitExceeded:0]]
[2024.12.13-16.20.20:753][  0]LogConfig: Setting CVar [[s.TimeLimitExceededMultiplier:1.5]]
[2024.12.13-16.20.20:753][  0]LogConfig: Setting CVar [[s.TimeLimitExceededMinTime:0.005]]
[2024.12.13-16.20.20:753][  0]LogConfig: Setting CVar [[s.UseBackgroundLevelStreaming:1]]
[2024.12.13-16.20.20:753][  0]LogConfig: Setting CVar [[s.PriorityAsyncLoadingExtraTime:15.0]]
[2024.12.13-16.20.20:753][  0]LogConfig: Setting CVar [[s.LevelStreamingActorsUpdateTimeLimit:5.0]]
[2024.12.13-16.20.20:753][  0]LogConfig: Setting CVar [[s.PriorityLevelStreamingActorsUpdateExtraTime:5.0]]
[2024.12.13-16.20.20:753][  0]LogConfig: Setting CVar [[s.LevelStreamingComponentsRegistrationGranularity:10]]
[2024.12.13-16.20.20:753][  0]LogConfig: Setting CVar [[s.UnregisterComponentsTimeLimit:1.0]]
[2024.12.13-16.20.20:753][  0]LogConfig: Setting CVar [[s.LevelStreamingComponentsUnregistrationGranularity:5]]
[2024.12.13-16.20.20:753][  0]LogConfig: Setting CVar [[s.FlushStreamingOnExit:1]]
[2024.12.13-16.20.20:753][  0]LogConfig: Applying CVar settings from Section [/Script/Engine.GarbageCollectionSettings] File [../../../Maze_ER/Saved/Config/WindowsNoEditor/Engine.ini]
[2024.12.13-16.20.20:753][  0]LogConfig: Setting CVar [[gc.MaxObjectsNotConsideredByGC:1]]
[2024.12.13-16.20.20:753][  0]LogConfig: Setting CVar [[gc.SizeOfPermanentObjectPool:0]]
[2024.12.13-16.20.20:753][  0]LogConfig: Setting CVar [[gc.FlushStreamingOnGC:0]]
[2024.12.13-16.20.20:753][  0]LogConfig: Setting CVar [[gc.NumRetriesBeforeForcingGC:10]]
[2024.12.13-16.20.20:753][  0]LogConfig: Setting CVar [[gc.AllowParallelGC:1]]
[2024.12.13-16.20.20:753][  0]LogConfig: Setting CVar [[gc.TimeBetweenPurgingPendingKillObjects:61.1]]
[2024.12.13-16.20.20:753][  0]LogConfig: Setting CVar [[gc.MaxObjectsInEditor:25165824]]
[2024.12.13-16.20.20:753][  0]LogConfig: Setting CVar [[gc.IncrementalBeginDestroyEnabled:1]]
[2024.12.13-16.20.20:753][  0]LogConfig: Setting CVar [[gc.CreateGCClusters:1]]
[2024.12.13-16.20.20:753][  0]LogConfig: Setting CVar [[gc.MinGCClusterSize:5]]
[2024.12.13-16.20.20:753][  0]LogConfig: Setting CVar [[gc.ActorClusteringEnabled:0]]
[2024.12.13-16.20.20:754][  0]LogConfig: Setting CVar [[gc.BlueprintClusteringEnabled:0]]
[2024.12.13-16.20.20:754][  0]LogConfig: Setting CVar [[gc.UseDisregardForGCOnDedicatedServers:0]]
[2024.12.13-16.20.20:754][  0]LogConfig: Setting CVar [[gc.MultithreadedDestructionEnabled:1]]
[2024.12.13-16.20.20:754][  0]LogConfig: Applying CVar settings from Section [/Script/Engine.NetworkSettings] File [../../../Maze_ER/Saved/Config/WindowsNoEditor/Engine.ini]
[2024.12.13-16.20.20:756][  0]LogConfig: Applying CVar settings from Section [ViewDistanceQuality@3] File [../../../Maze_ER/Saved/Config/WindowsNoEditor/Scalability.ini]
[2024.12.13-16.20.20:756][  0]LogConfig: Setting CVar [[r.SkeletalMeshLODBias:0]]
[2024.12.13-16.20.20:756][  0]LogConfig: Setting CVar [[r.ViewDistanceScale:1.0]]
[2024.12.13-16.20.20:756][  0]LogConfig: Applying CVar settings from Section [AntiAliasingQuality@3] File [../../../Maze_ER/Saved/Config/WindowsNoEditor/Scalability.ini]
[2024.12.13-16.20.20:756][  0]LogConfig: Setting CVar [[r.PostProcessAAQuality:4]]
[2024.12.13-16.20.20:756][  0]LogConfig: Applying CVar settings from Section [ShadowQuality@3] File [../../../Maze_ER/Saved/Config/WindowsNoEditor/Scalability.ini]
[2024.12.13-16.20.20:756][  0]LogConfig: Setting CVar [[r.LightFunctionQuality:1]]
[2024.12.13-16.20.20:756][  0]LogConfig: Setting CVar [[r.ShadowQuality:5]]
[2024.12.13-16.20.20:756][  0]LogConfig: Setting CVar [[r.Shadow.CSM.MaxCascades:10]]
[2024.12.13-16.20.20:756][  0]LogConfig: Setting CVar [[r.Shadow.MaxResolution:2048]]
[2024.12.13-16.20.20:756][  0]LogConfig: Setting CVar [[r.Shadow.MaxCSMResolution:2048]]
[2024.12.13-16.20.20:756][  0]LogConfig: Setting CVar [[r.Shadow.RadiusThreshold:0.01]]
[2024.12.13-16.20.20:756][  0]LogConfig: Setting CVar [[r.Shadow.DistanceScale:1.0]]
[2024.12.13-16.20.20:756][  0]LogConfig: Setting CVar [[r.Shadow.CSM.TransitionScale:1.0]]
[2024.12.13-16.20.20:756][  0]LogConfig: Setting CVar [[r.Shadow.PreShadowResolutionFactor:1.0]]
[2024.12.13-16.20.20:756][  0]LogConfig: Setting CVar [[r.DistanceFieldShadowing:1]]
[2024.12.13-16.20.20:756][  0]LogConfig: Setting CVar [[r.DistanceFieldAO:1]]
[2024.12.13-16.20.20:756][  0]LogConfig: Setting CVar [[r.AOQuality:2]]
[2024.12.13-16.20.20:756][  0]LogConfig: Setting CVar [[r.VolumetricFog:1]]
[2024.12.13-16.20.20:756][  0]LogConfig: Setting CVar [[r.VolumetricFog.GridPixelSize:8]]
[2024.12.13-16.20.20:756][  0]LogConfig: Setting CVar [[r.VolumetricFog.GridSizeZ:128]]
[2024.12.13-16.20.20:756][  0]LogConfig: Setting CVar [[r.VolumetricFog.HistoryMissSupersampleCount:4]]
[2024.12.13-16.20.20:756][  0]LogConfig: Setting CVar [[r.LightMaxDrawDistanceScale:1]]
[2024.12.13-16.20.20:756][  0]LogConfig: Setting CVar [[r.CapsuleShadows:1]]
[2024.12.13-16.20.20:756][  0]LogConfig: Applying CVar settings from Section [PostProcessQuality@3] File [../../../Maze_ER/Saved/Config/WindowsNoEditor/Scalability.ini]
[2024.12.13-16.20.20:756][  0]LogConfig: Setting CVar [[r.MotionBlurQuality:4]]
[2024.12.13-16.20.20:756][  0]LogConfig: Setting CVar [[r.AmbientOcclusionMipLevelFactor:0.4]]
[2024.12.13-16.20.20:756][  0]LogConfig: Setting CVar [[r.AmbientOcclusionMaxQuality:100]]
[2024.12.13-16.20.20:756][  0]LogConfig: Setting CVar [[r.AmbientOcclusionLevels:-1]]
[2024.12.13-16.20.20:756][  0]LogConfig: Setting CVar [[r.AmbientOcclusionRadiusScale:1.0]]
[2024.12.13-16.20.20:756][  0]LogConfig: Setting CVar [[r.DepthOfFieldQuality:2]]
[2024.12.13-16.20.20:756][  0]LogConfig: Setting CVar [[r.RenderTargetPoolMin:400]]
[2024.12.13-16.20.20:756][  0]LogConfig: Setting CVar [[r.LensFlareQuality:2]]
[2024.12.13-16.20.20:756][  0]LogConfig: Setting CVar [[r.SceneColorFringeQuality:1]]
[2024.12.13-16.20.20:756][  0]LogConfig: Setting CVar [[r.EyeAdaptationQuality:2]]
[2024.12.13-16.20.20:756][  0]LogConfig: Setting CVar [[r.BloomQuality:5]]
[2024.12.13-16.20.20:756][  0]LogConfig: Setting CVar [[r.FastBlurThreshold:100]]
[2024.12.13-16.20.20:756][  0]LogConfig: Setting CVar [[r.Upscale.Quality:3]]
[2024.12.13-16.20.20:756][  0]LogConfig: Setting CVar [[r.Tonemapper.GrainQuantization:1]]
[2024.12.13-16.20.20:756][  0]LogConfig: Setting CVar [[r.LightShaftQuality:1]]
[2024.12.13-16.20.20:756][  0]LogConfig: Setting CVar [[r.Filter.SizeScale:1]]
[2024.12.13-16.20.20:756][  0]LogConfig: Setting CVar [[r.Tonemapper.Quality:5]]
[2024.12.13-16.20.20:756][  0]LogConfig: Setting CVar [[r.DOF.Gather.AccumulatorQuality:1        ; higher gathering accumulator quality]]
[2024.12.13-16.20.20:756][  0]LogConfig: Setting CVar [[r.DOF.Gather.PostfilterMethod:1          ; Median3x3 postfilering method]]
[2024.12.13-16.20.20:756][  0]LogConfig: Setting CVar [[r.DOF.Gather.EnableBokehSettings:0       ; no bokeh simulation when gathering]]
[2024.12.13-16.20.20:756][  0]LogConfig: Setting CVar [[r.DOF.Gather.RingCount:4                 ; medium number of samples when gathering]]
[2024.12.13-16.20.20:756][  0]LogConfig: Setting CVar [[r.DOF.Scatter.ForegroundCompositing:1    ; additive foreground scattering]]
[2024.12.13-16.20.20:756][  0]LogConfig: Setting CVar [[r.DOF.Scatter.BackgroundCompositing:2    ; additive background scattering]]
[2024.12.13-16.20.20:756][  0]LogConfig: Setting CVar [[r.DOF.Scatter.EnableBokehSettings:1      ; bokeh simulation when scattering]]
[2024.12.13-16.20.20:756][  0]LogConfig: Setting CVar [[r.DOF.Scatter.MaxSpriteRatio:0.1         ; only a maximum of 10% of scattered bokeh]]
[2024.12.13-16.20.20:756][  0]LogConfig: Setting CVar [[r.DOF.Recombine.Quality:1                ; cheap slight out of focus]]
[2024.12.13-16.20.20:756][  0]LogConfig: Setting CVar [[r.DOF.Recombine.EnableBokehSettings:0    ; no bokeh simulation on slight out of focus]]
[2024.12.13-16.20.20:756][  0]LogConfig: Setting CVar [[r.DOF.TemporalAAQuality:1                ; more stable temporal accumulation]]
[2024.12.13-16.20.20:756][  0]LogConfig: Setting CVar [[r.DOF.Kernel.MaxForegroundRadius:0.025]]
[2024.12.13-16.20.20:756][  0]LogConfig: Setting CVar [[r.DOF.Kernel.MaxBackgroundRadius:0.025]]
[2024.12.13-16.20.20:756][  0]LogConfig: Applying CVar settings from Section [TextureQuality@3] File [../../../Maze_ER/Saved/Config/WindowsNoEditor/Scalability.ini]
[2024.12.13-16.20.20:756][  0]LogConfig: Setting CVar [[r.Streaming.MipBias:0]]
[2024.12.13-16.20.20:756][  0]LogConfig: Setting CVar [[r.Streaming.AmortizeCPUToGPUCopy:0]]
[2024.12.13-16.20.20:756][  0]LogConfig: Setting CVar [[r.Streaming.MaxNumTexturesToStreamPerFrame:0]]
[2024.12.13-16.20.20:756][  0]LogConfig: Setting CVar [[r.Streaming.Boost:1]]
[2024.12.13-16.20.20:756][  0]LogConfig: Setting CVar [[r.MaxAnisotropy:8]]
[2024.12.13-16.20.20:756][  0]LogConfig: Setting CVar [[r.VT.MaxAnisotropy:8]]
[2024.12.13-16.20.20:756][  0]LogConfig: Setting CVar [[r.Streaming.LimitPoolSizeToVRAM:0]]
[2024.12.13-16.20.20:756][  0]LogConfig: Setting CVar [[r.Streaming.PoolSize:1000]]
[2024.12.13-16.20.20:756][  0]LogConfig: Setting CVar [[r.Streaming.MaxEffectiveScreenSize:0]]
[2024.12.13-16.20.20:756][  0]LogConfig: Applying CVar settings from Section [EffectsQuality@3] File [../../../Maze_ER/Saved/Config/WindowsNoEditor/Scalability.ini]
[2024.12.13-16.20.20:756][  0]LogConfig: Setting CVar [[r.TranslucencyLightingVolumeDim:64]]
[2024.12.13-16.20.20:756][  0]LogConfig: Setting CVar [[r.RefractionQuality:2]]
[2024.12.13-16.20.20:756][  0]LogConfig: Setting CVar [[r.SSR.Quality:3]]
[2024.12.13-16.20.20:756][  0]LogConfig: Setting CVar [[r.SSR.HalfResSceneColor:0]]
[2024.12.13-16.20.20:756][  0]LogConfig: Setting CVar [[r.SceneColorFormat:4]]
[2024.12.13-16.20.20:756][  0]LogConfig: Setting CVar [[r.DetailMode:2]]
[2024.12.13-16.20.20:756][  0]LogConfig: Setting CVar [[r.TranslucencyVolumeBlur:1]]
[2024.12.13-16.20.20:756][  0]LogConfig: Setting CVar [[r.MaterialQualityLevel:1 ; High quality]]
[2024.12.13-16.20.20:756][  0]LogConfig: Setting CVar [[r.AnisotropicMaterials:1]]
[2024.12.13-16.20.20:756][  0]LogConfig: Setting CVar [[r.SSS.Scale:1]]
[2024.12.13-16.20.20:756][  0]LogConfig: Setting CVar [[r.SSS.SampleSet:2]]
[2024.12.13-16.20.20:756][  0]LogConfig: Setting CVar [[r.SSS.Quality:1]]
[2024.12.13-16.20.20:756][  0]LogConfig: Setting CVar [[r.SSS.HalfRes:0]]
[2024.12.13-16.20.20:756][  0]LogConfig: Setting CVar [[r.SSGI.Quality:3]]
[2024.12.13-16.20.20:756][  0]LogConfig: Setting CVar [[r.EmitterSpawnRateScale:1.0]]
[2024.12.13-16.20.20:756][  0]LogConfig: Setting CVar [[r.ParticleLightQuality:2]]
[2024.12.13-16.20.20:756][  0]LogConfig: Setting CVar [[r.SkyAtmosphere.AerialPerspectiveLUT.FastApplyOnOpaque:1 ; Always have FastSkyLUT 1 in this case to avoid wrong sky]]
[2024.12.13-16.20.20:756][  0]LogConfig: Setting CVar [[r.SkyAtmosphere.AerialPerspectiveLUT.SampleCountMaxPerSlice:4]]
[2024.12.13-16.20.20:756][  0]LogConfig: Setting CVar [[r.SkyAtmosphere.AerialPerspectiveLUT.DepthResolution:16.0]]
[2024.12.13-16.20.20:756][  0]LogConfig: Setting CVar [[r.SkyAtmosphere.FastSkyLUT:1]]
[2024.12.13-16.20.20:756][  0]LogConfig: Setting CVar [[r.SkyAtmosphere.FastSkyLUT.SampleCountMin:4.0]]
[2024.12.13-16.20.20:756][  0]LogConfig: Setting CVar [[r.SkyAtmosphere.FastSkyLUT.SampleCountMax:128.0]]
[2024.12.13-16.20.20:756][  0]LogConfig: Setting CVar [[r.SkyAtmosphere.SampleCountMin:4.0]]
[2024.12.13-16.20.20:756][  0]LogConfig: Setting CVar [[r.SkyAtmosphere.SampleCountMax:128.0]]
[2024.12.13-16.20.20:756][  0]LogConfig: Setting CVar [[r.SkyAtmosphere.TransmittanceLUT.UseSmallFormat:0]]
[2024.12.13-16.20.20:756][  0]LogConfig: Setting CVar [[r.SkyAtmosphere.TransmittanceLUT.SampleCount:10.0]]
[2024.12.13-16.20.20:756][  0]LogConfig: Setting CVar [[r.SkyAtmosphere.MultiScatteringLUT.SampleCount:15.0]]
[2024.12.13-16.20.20:756][  0]LogConfig: Setting CVar [[r.SkyLight.RealTimeReflectionCapture:1]]
[2024.12.13-16.20.20:756][  0]LogConfig: Setting CVar [[fx.Niagara.QualityLevel:3]]
[2024.12.13-16.20.20:756][  0]LogConfig: Applying CVar settings from Section [FoliageQuality@3] File [../../../Maze_ER/Saved/Config/WindowsNoEditor/Scalability.ini]
[2024.12.13-16.20.20:756][  0]LogConfig: Setting CVar [[foliage.DensityScale:1.0]]
[2024.12.13-16.20.20:758][  0]LogConfig: Setting CVar [[grass.DensityScale:1.0]]
[2024.12.13-16.20.20:758][  0]LogConfig: Applying CVar settings from Section [ShadingQuality@3] File [../../../Maze_ER/Saved/Config/WindowsNoEditor/Scalability.ini]
[2024.12.13-16.20.20:758][  0]LogConfig: Setting CVar [[r.HairStrands.SkyLighting.IntegrationType:2]]
[2024.12.13-16.20.20:758][  0]LogConfig: Setting CVar [[r.HairStrands.SkyAO.SampleCount:4]]
[2024.12.13-16.20.20:758][  0]LogConfig: Setting CVar [[r.HairStrands.Visibility.MSAA.SamplePerPixel:4]]
[2024.12.13-16.20.20:758][  0]LogInit: Selected Device Profile: [WindowsNoEditor]
[2024.12.13-16.20.20:758][  0]LogInit: Applying CVar settings loaded from the selected device profile: [WindowsNoEditor]
[2024.12.13-16.20.20:758][  0]LogHAL: Display: Platform has ~ 16 GB [17099780096 / 17179869184 / 16], which maps to Larger [LargestMinGB=32, LargerMinGB=12, DefaultMinGB=8, SmallerMinGB=6, SmallestMinGB=0)
[2024.12.13-16.20.20:758][  0]LogInit: Going up to parent DeviceProfile [Windows]
[2024.12.13-16.20.20:758][  0]LogInit: Going up to parent DeviceProfile []
[2024.12.13-16.20.20:758][  0]LogConfig: Applying CVar settings from Section [ViewDistanceQuality@3] File [../../../Maze_ER/Saved/Config/WindowsNoEditor/Scalability.ini]
[2024.12.13-16.20.20:758][  0]LogConfig: Setting CVar [[r.SkeletalMeshLODBias:0]]
[2024.12.13-16.20.20:758][  0]LogConfig: Setting CVar [[r.ViewDistanceScale:1.0]]
[2024.12.13-16.20.20:758][  0]LogConfig: Applying CVar settings from Section [AntiAliasingQuality@3] File [../../../Maze_ER/Saved/Config/WindowsNoEditor/Scalability.ini]
[2024.12.13-16.20.20:758][  0]LogConfig: Setting CVar [[r.PostProcessAAQuality:4]]
[2024.12.13-16.20.20:758][  0]LogConfig: Applying CVar settings from Section [ShadowQuality@3] File [../../../Maze_ER/Saved/Config/WindowsNoEditor/Scalability.ini]
[2024.12.13-16.20.20:758][  0]LogConfig: Setting CVar [[r.LightFunctionQuality:1]]
[2024.12.13-16.20.20:758][  0]LogConfig: Setting CVar [[r.ShadowQuality:5]]
[2024.12.13-16.20.20:758][  0]LogConfig: Setting CVar [[r.Shadow.CSM.MaxCascades:10]]
[2024.12.13-16.20.20:758][  0]LogConfig: Setting CVar [[r.Shadow.MaxResolution:2048]]
[2024.12.13-16.20.20:758][  0]LogConfig: Setting CVar [[r.Shadow.MaxCSMResolution:2048]]
[2024.12.13-16.20.20:758][  0]LogConfig: Setting CVar [[r.Shadow.RadiusThreshold:0.01]]
[2024.12.13-16.20.20:758][  0]LogConfig: Setting CVar [[r.Shadow.DistanceScale:1.0]]
[2024.12.13-16.20.20:758][  0]LogConfig: Setting CVar [[r.Shadow.CSM.TransitionScale:1.0]]
[2024.12.13-16.20.20:758][  0]LogConfig: Setting CVar [[r.Shadow.PreShadowResolutionFactor:1.0]]
[2024.12.13-16.20.20:758][  0]LogConfig: Setting CVar [[r.DistanceFieldShadowing:1]]
[2024.12.13-16.20.20:758][  0]LogConfig: Setting CVar [[r.DistanceFieldAO:1]]
[2024.12.13-16.20.20:758][  0]LogConfig: Setting CVar [[r.AOQuality:2]]
[2024.12.13-16.20.20:758][  0]LogConfig: Setting CVar [[r.VolumetricFog:1]]
[2024.12.13-16.20.20:758][  0]LogConfig: Setting CVar [[r.VolumetricFog.GridPixelSize:8]]
[2024.12.13-16.20.20:758][  0]LogConfig: Setting CVar [[r.VolumetricFog.GridSizeZ:128]]
[2024.12.13-16.20.20:758][  0]LogConfig: Setting CVar [[r.VolumetricFog.HistoryMissSupersampleCount:4]]
[2024.12.13-16.20.20:758][  0]LogConfig: Setting CVar [[r.LightMaxDrawDistanceScale:1]]
[2024.12.13-16.20.20:758][  0]LogConfig: Setting CVar [[r.CapsuleShadows:1]]
[2024.12.13-16.20.20:758][  0]LogConfig: Applying CVar settings from Section [PostProcessQuality@3] File [../../../Maze_ER/Saved/Config/WindowsNoEditor/Scalability.ini]
[2024.12.13-16.20.20:758][  0]LogConfig: Setting CVar [[r.MotionBlurQuality:4]]
[2024.12.13-16.20.20:758][  0]LogConfig: Setting CVar [[r.AmbientOcclusionMipLevelFactor:0.4]]
[2024.12.13-16.20.20:758][  0]LogConfig: Setting CVar [[r.AmbientOcclusionMaxQuality:100]]
[2024.12.13-16.20.20:758][  0]LogConfig: Setting CVar [[r.AmbientOcclusionLevels:-1]]
[2024.12.13-16.20.20:758][  0]LogConfig: Setting CVar [[r.AmbientOcclusionRadiusScale:1.0]]
[2024.12.13-16.20.20:758][  0]LogConfig: Setting CVar [[r.DepthOfFieldQuality:2]]
[2024.12.13-16.20.20:758][  0]LogConfig: Setting CVar [[r.RenderTargetPoolMin:400]]
[2024.12.13-16.20.20:758][  0]LogConfig: Setting CVar [[r.LensFlareQuality:2]]
[2024.12.13-16.20.20:758][  0]LogConfig: Setting CVar [[r.SceneColorFringeQuality:1]]
[2024.12.13-16.20.20:758][  0]LogConfig: Setting CVar [[r.EyeAdaptationQuality:2]]
[2024.12.13-16.20.20:758][  0]LogConfig: Setting CVar [[r.BloomQuality:5]]
[2024.12.13-16.20.20:758][  0]LogConfig: Setting CVar [[r.FastBlurThreshold:100]]
[2024.12.13-16.20.20:758][  0]LogConfig: Setting CVar [[r.Upscale.Quality:3]]
[2024.12.13-16.20.20:758][  0]LogConfig: Setting CVar [[r.Tonemapper.GrainQuantization:1]]
[2024.12.13-16.20.20:758][  0]LogConfig: Setting CVar [[r.LightShaftQuality:1]]
[2024.12.13-16.20.20:758][  0]LogConfig: Setting CVar [[r.Filter.SizeScale:1]]
[2024.12.13-16.20.20:758][  0]LogConfig: Setting CVar [[r.Tonemapper.Quality:5]]
[2024.12.13-16.20.20:758][  0]LogConfig: Setting CVar [[r.DOF.Gather.AccumulatorQuality:1        ; higher gathering accumulator quality]]
[2024.12.13-16.20.20:758][  0]LogConfig: Setting CVar [[r.DOF.Gather.PostfilterMethod:1          ; Median3x3 postfilering method]]
[2024.12.13-16.20.20:758][  0]LogConfig: Setting CVar [[r.DOF.Gather.EnableBokehSettings:0       ; no bokeh simulation when gathering]]
[2024.12.13-16.20.20:758][  0]LogConfig: Setting CVar [[r.DOF.Gather.RingCount:4                 ; medium number of samples when gathering]]
[2024.12.13-16.20.20:758][  0]LogConfig: Setting CVar [[r.DOF.Scatter.ForegroundCompositing:1    ; additive foreground scattering]]
[2024.12.13-16.20.20:758][  0]LogConfig: Setting CVar [[r.DOF.Scatter.BackgroundCompositing:2    ; additive background scattering]]
[2024.12.13-16.20.20:758][  0]LogConfig: Setting CVar [[r.DOF.Scatter.EnableBokehSettings:1      ; bokeh simulation when scattering]]
[2024.12.13-16.20.20:758][  0]LogConfig: Setting CVar [[r.DOF.Scatter.MaxSpriteRatio:0.1         ; only a maximum of 10% of scattered bokeh]]
[2024.12.13-16.20.20:758][  0]LogConfig: Setting CVar [[r.DOF.Recombine.Quality:1                ; cheap slight out of focus]]
[2024.12.13-16.20.20:758][  0]LogConfig: Setting CVar [[r.DOF.Recombine.EnableBokehSettings:0    ; no bokeh simulation on slight out of focus]]
[2024.12.13-16.20.20:758][  0]LogConfig: Setting CVar [[r.DOF.TemporalAAQuality:1                ; more stable temporal accumulation]]
[2024.12.13-16.20.20:758][  0]LogConfig: Setting CVar [[r.DOF.Kernel.MaxForegroundRadius:0.025]]
[2024.12.13-16.20.20:758][  0]LogConfig: Setting CVar [[r.DOF.Kernel.MaxBackgroundRadius:0.025]]
[2024.12.13-16.20.20:758][  0]LogConfig: Applying CVar settings from Section [TextureQuality@3] File [../../../Maze_ER/Saved/Config/WindowsNoEditor/Scalability.ini]
[2024.12.13-16.20.20:758][  0]LogConfig: Setting CVar [[r.Streaming.MipBias:0]]
[2024.12.13-16.20.20:758][  0]LogConfig: Setting CVar [[r.Streaming.AmortizeCPUToGPUCopy:0]]
[2024.12.13-16.20.20:758][  0]LogConfig: Setting CVar [[r.Streaming.MaxNumTexturesToStreamPerFrame:0]]
[2024.12.13-16.20.20:758][  0]LogConfig: Setting CVar [[r.Streaming.Boost:1]]
[2024.12.13-16.20.20:758][  0]LogConfig: Setting CVar [[r.MaxAnisotropy:8]]
[2024.12.13-16.20.20:758][  0]LogConfig: Setting CVar [[r.VT.MaxAnisotropy:8]]
[2024.12.13-16.20.20:758][  0]LogConfig: Setting CVar [[r.Streaming.LimitPoolSizeToVRAM:0]]
[2024.12.13-16.20.20:758][  0]LogConfig: Setting CVar [[r.Streaming.PoolSize:1000]]
[2024.12.13-16.20.20:758][  0]LogConfig: Setting CVar [[r.Streaming.MaxEffectiveScreenSize:0]]
[2024.12.13-16.20.20:758][  0]LogConfig: Applying CVar settings from Section [EffectsQuality@3] File [../../../Maze_ER/Saved/Config/WindowsNoEditor/Scalability.ini]
[2024.12.13-16.20.20:758][  0]LogConfig: Setting CVar [[r.TranslucencyLightingVolumeDim:64]]
[2024.12.13-16.20.20:758][  0]LogConfig: Setting CVar [[r.RefractionQuality:2]]
[2024.12.13-16.20.20:758][  0]LogConfig: Setting CVar [[r.SSR.Quality:3]]
[2024.12.13-16.20.20:758][  0]LogConfig: Setting CVar [[r.SSR.HalfResSceneColor:0]]
[2024.12.13-16.20.20:758][  0]LogConfig: Setting CVar [[r.SceneColorFormat:4]]
[2024.12.13-16.20.20:758][  0]LogConfig: Setting CVar [[r.DetailMode:2]]
[2024.12.13-16.20.20:758][  0]LogConfig: Setting CVar [[r.TranslucencyVolumeBlur:1]]
[2024.12.13-16.20.20:758][  0]LogConfig: Setting CVar [[r.MaterialQualityLevel:1 ; High quality]]
[2024.12.13-16.20.20:758][  0]LogConfig: Setting CVar [[r.AnisotropicMaterials:1]]
[2024.12.13-16.20.20:758][  0]LogConfig: Setting CVar [[r.SSS.Scale:1]]
[2024.12.13-16.20.20:758][  0]LogConfig: Setting CVar [[r.SSS.SampleSet:2]]
[2024.12.13-16.20.20:758][  0]LogConfig: Setting CVar [[r.SSS.Quality:1]]
[2024.12.13-16.20.20:758][  0]LogConfig: Setting CVar [[r.SSS.HalfRes:0]]
[2024.12.13-16.20.20:758][  0]LogConfig: Setting CVar [[r.SSGI.Quality:3]]
[2024.12.13-16.20.20:758][  0]LogConfig: Setting CVar [[r.EmitterSpawnRateScale:1.0]]
[2024.12.13-16.20.20:758][  0]LogConfig: Setting CVar [[r.ParticleLightQuality:2]]
[2024.12.13-16.20.20:758][  0]LogConfig: Setting CVar [[r.SkyAtmosphere.AerialPerspectiveLUT.FastApplyOnOpaque:1 ; Always have FastSkyLUT 1 in this case to avoid wrong sky]]
[2024.12.13-16.20.20:758][  0]LogConfig: Setting CVar [[r.SkyAtmosphere.AerialPerspectiveLUT.SampleCountMaxPerSlice:4]]
[2024.12.13-16.20.20:758][  0]LogConfig: Setting CVar [[r.SkyAtmosphere.AerialPerspectiveLUT.DepthResolution:16.0]]
[2024.12.13-16.20.20:758][  0]LogConfig: Setting CVar [[r.SkyAtmosphere.FastSkyLUT:1]]
[2024.12.13-16.20.20:758][  0]LogConfig: Setting CVar [[r.SkyAtmosphere.FastSkyLUT.SampleCountMin:4.0]]
[2024.12.13-16.20.20:758][  0]LogConfig: Setting CVar [[r.SkyAtmosphere.FastSkyLUT.SampleCountMax:128.0]]
[2024.12.13-16.20.20:758][  0]LogConfig: Setting CVar [[r.SkyAtmosphere.SampleCountMin:4.0]]
[2024.12.13-16.20.20:758][  0]LogConfig: Setting CVar [[r.SkyAtmosphere.SampleCountMax:128.0]]
[2024.12.13-16.20.20:758][  0]LogConfig: Setting CVar [[r.SkyAtmosphere.TransmittanceLUT.UseSmallFormat:0]]
[2024.12.13-16.20.20:758][  0]LogConfig: Setting CVar [[r.SkyAtmosphere.TransmittanceLUT.SampleCount:10.0]]
[2024.12.13-16.20.20:758][  0]LogConfig: Setting CVar [[r.SkyAtmosphere.MultiScatteringLUT.SampleCount:15.0]]
[2024.12.13-16.20.20:758][  0]LogConfig: Setting CVar [[r.SkyLight.RealTimeReflectionCapture:1]]
[2024.12.13-16.20.20:758][  0]LogConfig: Setting CVar [[fx.Niagara.QualityLevel:3]]
[2024.12.13-16.20.20:758][  0]LogConfig: Applying CVar settings from Section [FoliageQuality@3] File [../../../Maze_ER/Saved/Config/WindowsNoEditor/Scalability.ini]
[2024.12.13-16.20.20:758][  0]LogConfig: Setting CVar [[foliage.DensityScale:1.0]]
[2024.12.13-16.20.20:758][  0]LogConfig: Setting CVar [[grass.DensityScale:1.0]]
[2024.12.13-16.20.20:758][  0]LogConfig: Applying CVar settings from Section [ShadingQuality@3] File [../../../Maze_ER/Saved/Config/WindowsNoEditor/Scalability.ini]
[2024.12.13-16.20.20:758][  0]LogConfig: Setting CVar [[r.HairStrands.SkyLighting.IntegrationType:2]]
[2024.12.13-16.20.20:758][  0]LogConfig: Setting CVar [[r.HairStrands.SkyAO.SampleCount:4]]
[2024.12.13-16.20.20:758][  0]LogConfig: Setting CVar [[r.HairStrands.Visibility.MSAA.SamplePerPixel:4]]
[2024.12.13-16.20.20:758][  0]LogConfig: Applying CVar settings from Section [Startup] File [../../../Engine/Config/ConsoleVariables.ini]
[2024.12.13-16.20.20:758][  0]LogConfig: Setting CVar [[net.UseAdaptiveNetUpdateFrequency:0]]
[2024.12.13-16.20.20:758][  0]LogConfig: Setting CVar [[p.chaos.AllowCreatePhysxBodies:1]]
[2024.12.13-16.20.20:758][  0]LogConfig: Setting CVar [[fx.SkipVectorVMBackendOptimizations:1]]
[2024.12.13-16.20.20:758][  0]LogConfig: Applying CVar settings from Section [ConsoleVariables] File [../../../Maze_ER/Saved/Config/WindowsNoEditor/Engine.ini]
[2024.12.13-16.20.20:759][  0]LogInit: Computer: DESKTOP-HRPTGDL
[2024.12.13-16.20.20:759][  0]LogInit: User: PC
[2024.12.13-16.20.20:759][  0]LogInit: CPU Page size=4096, Cores=6
[2024.12.13-16.20.20:759][  0]LogInit: High frequency timer resolution =10.000000 MHz
[2024.12.13-16.20.20:759][  0]LogMemory: Memory total: Physical=15.9GB (16GB approx)
[2024.12.13-16.20.20:759][  0]LogMemory: Platform Memory Stats for WindowsNoEditor
[2024.12.13-16.20.20:759][  0]LogMemory: Process Physical Memory: 79.57 MB used, 79.57 MB peak
[2024.12.13-16.20.20:759][  0]LogMemory: Process Virtual Memory: 81.44 MB used, 81.44 MB peak
[2024.12.13-16.20.20:759][  0]LogMemory: Physical Memory: 9565.55 MB used,  6742.07 MB free, 16307.62 MB total
[2024.12.13-16.20.20:759][  0]LogMemory: Virtual Memory: 134213896.00 MB used,  3830.45 MB free, 134217728.00 MB total
[2024.12.13-16.20.20:760][  0]LogWindows: WindowsPlatformFeatures enabled
[2024.12.13-16.20.20:781][  0]LogInit: Physics initialised using underlying interface: PhysX
[2024.12.13-16.20.20:781][  0]LogInit: Using OS detected language (pl-PL).
[2024.12.13-16.20.20:781][  0]LogInit: Using OS detected locale (pl-PL).
[2024.12.13-16.20.20:781][  0]LogTextLocalizationManager: No localization for 'pl-PL' exists, so 'en' will be used for the language.
[2024.12.13-16.20.20:781][  0]LogTextLocalizationManager: No localization for 'pl-PL' exists, so 'en' will be used for the locale.
[2024.12.13-16.20.20:799][  0]LogWindowsTextInputMethodSystem: Display: IME system deactivated.
[2024.12.13-16.20.20:804][  0]LogSlate: New Slate User Created.  User Index 0, Is Virtual User: 0
[2024.12.13-16.20.20:804][  0]LogSlate: Slate User Registered.  User Index 0, Is Virtual User: 0
[2024.12.13-16.20.20:815][  0]LogD3D11RHI: Loaded GFSDK_Aftermath_Lib.x64.dll
[2024.12.13-16.20.20:818][  0]LogHMD: Failed to initialize OpenVR with code 110
[2024.12.13-16.20.20:818][  0]LogD3D11RHI: D3D11 min allowed feature level: 11_0
[2024.12.13-16.20.20:818][  0]LogD3D11RHI: D3D11 max allowed feature level: 11_0
[2024.12.13-16.20.20:818][  0]LogD3D11RHI: D3D11 adapters:
[2024.12.13-16.20.20:924][  0]LogD3D11RHI:    0. 'NVIDIA GeForce RTX 3060' (Feature Level 11_0)
[2024.12.13-16.20.20:924][  0]LogD3D11RHI:       12129/0/8153 MB DedicatedVideo/DedicatedSystem/SharedSystem, Outputs:1, VendorId:0x10de
[2024.12.13-16.20.20:925][  0]LogD3D11RHI:    1. 'Microsoft Basic Render Driver' (Feature Level 11_0)
[2024.12.13-16.20.20:925][  0]LogD3D11RHI:       0/0/8153 MB DedicatedVideo/DedicatedSystem/SharedSystem, Outputs:0, VendorId:0x1414
[2024.12.13-16.20.20:925][  0]LogD3D11RHI: Chosen D3D11 Adapter:
[2024.12.13-16.20.20:925][  0]LogD3D11RHI:     Description : NVIDIA GeForce RTX 3060
[2024.12.13-16.20.20:925][  0]LogD3D11RHI:     VendorId    : 10de
[2024.12.13-16.20.20:925][  0]LogD3D11RHI:     DeviceId    : 2504
[2024.12.13-16.20.20:925][  0]LogD3D11RHI:     SubSysId    : 39761462
[2024.12.13-16.20.20:925][  0]LogD3D11RHI:     Revision    : 00a1
[2024.12.13-16.20.20:925][  0]LogD3D11RHI:     DedicatedVideoMemory : 12718178304 bytes
[2024.12.13-16.20.20:925][  0]LogD3D11RHI:     DedicatedSystemMemory : 0 bytes
[2024.12.13-16.20.20:925][  0]LogD3D11RHI:     SharedSystemMemory : 8549890048 bytes
[2024.12.13-16.20.20:925][  0]LogD3D11RHI:     AdapterLuid : 0 62953
[2024.12.13-16.20.20:931][  0]LogD3D11RHI: Creating new Direct3DDevice
[2024.12.13-16.20.20:931][  0]LogD3D11RHI:     GPU DeviceId: 0x2504 (for the marketing name, search the web for "GPU Device Id")
[2024.12.13-16.20.20:931][  0]LogWindows: EnumDisplayDevices:
[2024.12.13-16.20.20:931][  0]LogWindows:    0. 'NVIDIA GeForce RTX 3060' (P:1 D:1)
[2024.12.13-16.20.20:931][  0]LogWindows:    1. 'NVIDIA GeForce RTX 3060' (P:0 D:0)
[2024.12.13-16.20.20:932][  0]LogWindows:    2. 'NVIDIA GeForce RTX 3060' (P:0 D:0)
[2024.12.13-16.20.20:932][  0]LogWindows:    3. 'NVIDIA GeForce RTX 3060' (P:0 D:0)
[2024.12.13-16.20.20:932][  0]LogWindows: DebugString: FoundDriverCount:4 
[2024.12.13-16.20.20:932][  0]LogD3D11RHI:     Adapter Name: NVIDIA GeForce RTX 3060
[2024.12.13-16.20.20:932][  0]LogD3D11RHI:   Driver Version: 531.41 (internal:31.0.15.3141, unified:531.41)
[2024.12.13-16.20.20:932][  0]LogD3D11RHI:      Driver Date: 3-16-2023
[2024.12.13-16.20.20:932][  0]LogRHI: Texture pool is 8490 MB (70% of 12129 MB)
[2024.12.13-16.20.20:932][  0]LogD3D11RHI: Creating D3DDevice using adapter:
[2024.12.13-16.20.20:932][  0]LogD3D11RHI:     Description : NVIDIA GeForce RTX 3060
[2024.12.13-16.20.20:932][  0]LogD3D11RHI:     VendorId    : 10de
[2024.12.13-16.20.20:932][  0]LogD3D11RHI:     DeviceId    : 2504
[2024.12.13-16.20.20:932][  0]LogD3D11RHI:     SubSysId    : 39761462
[2024.12.13-16.20.20:932][  0]LogD3D11RHI:     Revision    : 00a1
[2024.12.13-16.20.20:932][  0]LogD3D11RHI:     DedicatedVideoMemory : 12718178304 bytes
[2024.12.13-16.20.20:932][  0]LogD3D11RHI:     DedicatedSystemMemory : 0 bytes
[2024.12.13-16.20.20:932][  0]LogD3D11RHI:     SharedSystemMemory : 8549890048 bytes
[2024.12.13-16.20.20:932][  0]LogD3D11RHI:     AdapterLuid : 0 62953
[2024.12.13-16.20.20:989][  0]LogD3D11RHI: RHI has support for 64 bit atomics
[2024.12.13-16.20.20:989][  0]LogD3D11RHI: Async texture creation enabled
[2024.12.13-16.20.20:989][  0]LogD3D11RHI: Array index from any shader is supported
[2024.12.13-16.20.21:002][  0]LogD3D11RHI: GPU Timing Frequency: 1000.000000 (Debug: 2 1)
[2024.12.13-16.20.21:021][  0]LogRHI: GeForceNow SDK initialized: 1
[2024.12.13-16.20.21:021][  0]LogRendererCore: Ray tracing is disabled. Reason: r.RayTracing=0.
[2024.12.13-16.20.21:023][  0]LogShaderLibrary: Display: Using ../../../Maze_ER/Content/ShaderArchive-Global-PCD3D_SM5.ushaderbytecode for material shader code. Total 1951 unique shaders.
[2024.12.13-16.20.21:023][  0]LogShaderLibrary: Display: Cooked Context: Using Shared Shader Library Global
[2024.12.13-16.20.21:023][  0]LogShaderLibrary: Display: Logical shader library 'Global' has been created, components 1
[2024.12.13-16.20.21:023][  0]LogTemp: Warning: Clearing the OS Cache
[2024.12.13-16.20.21:023][  0]LogODSC: ODSC Thread active.
[2024.12.13-16.20.21:025][  0]LogPakFile: New pak file ../../../Maze_ER/Content/Paks/Maze_ER-WindowsNoEditor.pak added to pak precacher.
[2024.12.13-16.20.21:042][  0]LogSlate: Using FreeType 2.10.0
[2024.12.13-16.20.21:042][  0]LogSlate: SlateFontServices - WITH_FREETYPE: 1, WITH_HARFBUZZ: 1
[2024.12.13-16.20.21:078][  0]LogShaderLibrary: Display: Using ../../../Maze_ER/Content/ShaderArchive-Maze_ER-PCD3D_SM5.ushaderbytecode for material shader code. Total 1528 unique shaders.
[2024.12.13-16.20.21:078][  0]LogShaderLibrary: Display: Cooked Context: Using Shared Shader Library Maze_ER
[2024.12.13-16.20.21:078][  0]LogShaderLibrary: Display: Logical shader library 'Maze_ER' has been created, components 1
[2024.12.13-16.20.21:078][  0]LogRHI: Display: Opened pipeline cache after state change and enqueued 0 of 0 tasks for precompile.
[2024.12.13-16.20.21:078][  0]LogShaderLibrary: Display: Using ../../../Maze_ER/Content/ShaderArchive-Maze_ER-PCD3D_SM5.ushaderbytecode for material shader code. Total 1528 unique shaders.
[2024.12.13-16.20.21:078][  0]LogShaderLibrary: Display: Cooked Context: Using Shared Shader Library Maze_ER
[2024.12.13-16.20.21:078][  0]LogRHI: Display: Opened pipeline cache after state change and enqueued 0 of 0 tasks for precompile.
[2024.12.13-16.20.21:078][  0]LogRHI: Display: Failed to open default shader pipeline cache for Maze_ER using shader platform 0.
[2024.12.13-16.20.21:078][  0]LogRHI: Display: Failed to open default shader pipeline cache for Maze_ER using shader platform 0.
[2024.12.13-16.20.21:078][  0]LogInit: Using OS detected language (pl-PL).
[2024.12.13-16.20.21:078][  0]LogInit: Using OS detected locale (pl-PL).
[2024.12.13-16.20.21:078][  0]LogTextLocalizationManager: No localization for 'pl-PL' exists, so 'en' will be used for the language.
[2024.12.13-16.20.21:079][  0]LogTextLocalizationManager: No localization for 'pl-PL' exists, so 'en' will be used for the locale.
[2024.12.13-16.20.21:079][  0]LogTextLocalizationManager: Compacting localization data took   0.56ms
[2024.12.13-16.20.21:079][  0]LogAssetRegistry: FAssetRegistry took 0.0006 seconds to start up
[2024.12.13-16.20.21:133][  0]LogStreaming: Display: FlushAsyncLoading: 1 QueuedPackages, 0 AsyncPackages
[2024.12.13-16.20.21:133][  0]LogPackageLocalizationCache: Processed 26 localized package path(s) for 1 prioritized culture(s) in 0.000067 seconds
[2024.12.13-16.20.21:138][  0]LogSerialization: Display: AllowBulkDataInIoStore: 'true'
[2024.12.13-16.20.21:138][  0]LogInit: Selected Device Profile: [WindowsNoEditor]
[2024.12.13-16.20.21:138][  0]LogInit: Active device profile: [000001C72A3E28C0][000001C71B210010 49] WindowsNoEditor
[2024.12.13-16.20.21:138][  0]LogInit: Profiles: [000001C72A3E2BC0][000001C7271A4930 49] Windows, [000001C72A3E28C0][000001C71B210010 49] WindowsNoEditor, 
[2024.12.13-16.20.21:146][  0]LogNetVersion: Maze_ER 1.0.0, NetCL: 17155196, EngineNetVer: 17, GameNetVer: 0 (Checksum: 144261480)
[2024.12.13-16.20.21:176][  0]LogAudioCaptureCore: Display: No Audio Capture implementations found. Audio input will be silent.
[2024.12.13-16.20.21:176][  0]LogAudioCaptureCore: Display: No Audio Capture implementations found. Audio input will be silent.
[2024.12.13-16.20.21:176][  0]LogHMD: PokeAHoleMaterial loaded successfully
[2024.12.13-16.20.21:191][  0]LogMoviePlayer: Initializing movie player
[2024.12.13-16.20.21:191][  0]LogNiagaraDebuggerClient: Niagara Debugger Client Initialized | Session: 3FEA7B8444F4A4C5E8C51BA564AFB007 | Instance: 37C78A3A4C1978DA34F2DDB5BC785822 (DESKTOP-HRPTGDL-21248).
[2024.12.13-16.20.21:192][  0]LogAndroidPermission: UAndroidPermissionCallbackProxy::GetInstance
[2024.12.13-16.20.21:192][  0]LogOcInput: OculusInput pre-init called
[2024.12.13-16.20.21:195][  0]LogUObjectArray: 15771 objects as part of root set at end of initial load.
[2024.12.13-16.20.21:195][  0]LogUObjectArray: 2 objects are not in the root set, but can never be destroyed because they are in the DisregardForGC set.
[2024.12.13-16.20.21:195][  0]LogUObjectAllocator: 3198280 out of 0 bytes used by permanent object pool.
[2024.12.13-16.20.21:195][  0]LogUObjectArray: CloseDisregardForGC: 15771/15771 objects in disregard for GC pool
[2024.12.13-16.20.21:196][  0]LogEngine: Initializing Engine...
[2024.12.13-16.20.21:197][  0]LogHMD: Failed to enumerate extensions. Please check that you have a valid OpenXR runtime installed.
[2024.12.13-16.20.21:197][  0]LogHMD: Failed to initialize OpenVR with code 110
[2024.12.13-16.20.21:198][  0]LogStats: UGameplayTagsManager::InitializeManager -  0.000 s
[2024.12.13-16.20.21:236][  0]LogInit: Initializing FReadOnlyCVARCache
[2024.12.13-16.20.21:236][  0]LogAudio: Display: Initializing Audio Device Manager...
[2024.12.13-16.20.21:236][  0]LogAudio: Display: Loading Default Audio Settings Objects...
[2024.12.13-16.20.21:238][  0]LogAudio: Display: No default SoundConcurrencyObject specified (or failed to load).
[2024.12.13-16.20.21:238][  0]LogAudio: Display: Audio Device Manager Initialized
[2024.12.13-16.20.21:238][  0]LogAudio: Display: Creating Audio Device:                 Id: 1, Scope: Shared, Realtime: True
[2024.12.13-16.20.21:238][  0]LogAudioMixer: Display: Audio Mixer Platform Settings:
[2024.12.13-16.20.21:238][  0]LogAudioMixer: Display: 	Sample Rate:						  48000
[2024.12.13-16.20.21:238][  0]LogAudioMixer: Display: 	Callback Buffer Frame Size Requested: 1024
[2024.12.13-16.20.21:238][  0]LogAudioMixer: Display: 	Callback Buffer Frame Size To Use:	  1024
[2024.12.13-16.20.21:238][  0]LogAudioMixer: Display: 	Number of buffers to queue:			  2
[2024.12.13-16.20.21:238][  0]LogAudioMixer: Display: 	Max Channels (voices):				  32
[2024.12.13-16.20.21:238][  0]LogAudioMixer: Display: 	Number of Async Source Workers:		  0
[2024.12.13-16.20.21:238][  0]LogAudio: Display: AudioDevice MaxSources: 32
[2024.12.13-16.20.21:238][  0]LogAudio: Display: Audio Spatialization Plugin: None (built-in).
[2024.12.13-16.20.21:238][  0]LogAudio: Display: Audio Reverb Plugin: None (built-in).
[2024.12.13-16.20.21:238][  0]LogAudio: Display: Audio Occlusion Plugin: None (built-in).
[2024.12.13-16.20.21:238][  0]LogAudioMixer: Display: Initializing audio mixer.
[2024.12.13-16.20.21:244][  0]LogAudioDebug: Display: Lib vorbis DLL was dynamically loaded.
[2024.12.13-16.20.21:248][  0]LogAudioMixer: Display: 0: FrontLeft
[2024.12.13-16.20.21:248][  0]LogAudioMixer: Display: 1: FrontRight
[2024.12.13-16.20.21:267][  0]LogAudioMixer: Display: Using Audio Device Głośniki (Realtek(R) Audio)
[2024.12.13-16.20.21:267][  0]LogAudioMixer: Display: Initializing Sound Submixes...
[2024.12.13-16.20.21:268][  0]LogAudioMixer: Display: Creating Master Submix 'MasterSubmixDefault'
[2024.12.13-16.20.21:268][  0]LogAudioMixer: Display: Creating Master Submix 'MasterReverbSubmixDefault'
[2024.12.13-16.20.21:269][  0]LogAudioMixer: Display: Creating Master Submix 'MasterEQSubmixDefault'
[2024.12.13-16.20.21:269][  0]LogAudioMixer: FMixerPlatformXAudio2::StartAudioStream() called
[2024.12.13-16.20.21:269][  0]LogAudioMixer: Display: Output buffers initialized: Frames=1024, Channels=2, Samples=2048
[2024.12.13-16.20.21:269][  0]LogAudioMixer: Display: Starting AudioMixerPlatformInterface::RunInternal()
[2024.12.13-16.20.21:269][  0]LogAudioMixer: Display: FMixerPlatformXAudio2::SubmitBuffer() called for the first time
[2024.12.13-16.20.21:269][  0]LogInit: FAudioDevice initialized.
[2024.12.13-16.20.21:269][  0]LogNetVersion: Set ProjectVersion to 1.0.0.0. Version Checksum will be recalculated on next use.
[2024.12.13-16.20.21:269][  0]LogInit: Texture streaming: Enabled
[2024.12.13-16.20.21:271][  0]LogAudio: Display: Audio Device (ID: 1) registered with world 'Untitled'.
[2024.12.13-16.20.21:272][  0]LogSlate: Updating window title bar state: overlay mode, drag disabled, window buttons hidden, title bar hidden
[2024.12.13-16.20.21:272][  0]LogInit: Display: Game Engine Initialized.
[2024.12.13-16.20.21:273][  0]LogInit: Display: Starting Game.
[2024.12.13-16.20.21:273][  0]LogNet: Browse: /Game/Maps/maze/level1?Name=Player
[2024.12.13-16.20.21:273][  0]LogLoad: LoadMap: /Game/Maps/maze/level1?Name=Player
[2024.12.13-16.20.21:273][  0]LogWorld: BeginTearingDown for /Temp/Untitled_0
[2024.12.13-16.20.21:274][  0]LogWorld: UWorld::CleanupWorld for Untitled, bSessionEnded=true, bCleanupResources=true
[2024.12.13-16.20.21:274][  0]LogSlate: InvalidateAllWidgets triggered.  All widgets were invalidated
[2024.12.13-16.20.21:275][  0]LogAudio: Display: Audio Device unregistered from world 'None'.
[2024.12.13-16.20.21:276][  0]LogUObjectHash: Compacting FUObjectHashTables data took   0.51ms
[2024.12.13-16.20.21:292][  0]LogAudio: Display: Audio Device (ID: 1) registered with world 'level1'.
[2024.12.13-16.20.21:294][  0]LogAIModule: Creating AISystem for world level1
[2024.12.13-16.20.21:294][  0]LogLoad: Game class is 'GameModeBase'
[2024.12.13-16.20.21:295][  0]LogWorld: Bringing World /Game/Maps/maze/level1.level1 up for play (max tick rate 0) at 2024.12.13-17.20.21
[2024.12.13-16.20.21:295][  0]LogWorld: Bringing up level for play took: 0.000673
[2024.12.13-16.20.21:296][  0]LogLoad: Took 0.023433 seconds to LoadMap(/Game/Maps/maze/level1)
[2024.12.13-16.20.21:318][  0]LogSlate: Took 0.000245 seconds to synchronously load lazily loaded font '../../../Engine/Content/Slate/Fonts/Roboto-Regular.ttf' (155K)
[2024.12.13-16.20.21:323][  0]LogRenderer: Reallocating scene render targets to support 1920x1080 Format 10 NumSamples 1 (Frame:1).
[2024.12.13-16.20.21:323][  0]LogRHI: Display: ShaderPipelineCache: Paused Batching. 1
[2024.12.13-16.20.21:323][  0]LogPakFile: AllPaks IndexSizes: DirectoryHashSize=202052, PathHashSize=16, EntriesSize=32752, TotalSize=234820
[2024.12.13-16.20.21:323][  0]LogRHI: Display: ShaderPipelineCache: Resumed Batching. 0
[2024.12.13-16.20.21:323][  0]LogRHI: Display: ShaderPipelineCache: Batching Resumed.
[2024.12.13-16.20.21:323][  0]LogInit: Display: Engine is initialized. Leaving FEngineLoop::Init()
[2024.12.13-16.20.21:323][  0]LogLoad: (Engine Initialization) Total time: 0.76 seconds
[2024.12.13-16.20.21:343][  0]LogContentStreaming: Texture pool size now 1000 MB
[2024.12.13-16.20.23:104][488]LogNet: Browse: /Game/Maps/maze/level1
[2024.12.13-16.20.23:104][488]LogLoad: LoadMap: /Game/Maps/maze/level1
[2024.12.13-16.20.23:104][488]LogWorld: BeginTearingDown for /Game/Maps/maze/level1
[2024.12.13-16.20.23:105][488]LogWorld: UWorld::CleanupWorld for level1, bSessionEnded=true, bCleanupResources=true
[2024.12.13-16.20.23:105][488]LogSlate: InvalidateAllWidgets triggered.  All widgets were invalidated
[2024.12.13-16.20.23:129][488]LogAudio: Display: Audio Device unregistered from world 'None'.
[2024.12.13-16.20.23:131][488]LogUObjectHash: Compacting FUObjectHashTables data took   0.73ms
[2024.12.13-16.20.23:132][488]LogStreaming: Display: FlushAsyncLoading: 1 QueuedPackages, 0 AsyncPackages
[2024.12.13-16.20.23:150][488]LogAudio: Display: Audio Device (ID: 1) registered with world 'level1'.
[2024.12.13-16.20.23:151][488]LogAIModule: Creating AISystem for world level1
[2024.12.13-16.20.23:152][488]LogLoad: Game class is 'GameModeBase'
[2024.12.13-16.20.23:152][488]LogWorld: Bringing World /Game/Maps/maze/level1.level1 up for play (max tick rate 0) at 2024.12.13-17.20.23
[2024.12.13-16.20.23:153][488]LogWorld: Bringing up level for play took: 0.000431
[2024.12.13-16.20.23:154][488]LogLoad: Took 0.049720 seconds to LoadMap(/Game/Maps/maze/level1)
[2024.12.13-16.20.23:959][725]LogNet: Browse: /Game/Maps/maze/level1
[2024.12.13-16.20.23:959][725]LogLoad: LoadMap: /Game/Maps/maze/level1
[2024.12.13-16.20.23:959][725]LogWorld: BeginTearingDown for /Game/Maps/maze/level1
[2024.12.13-16.20.23:960][725]LogWorld: UWorld::CleanupWorld for level1, bSessionEnded=true, bCleanupResources=true
[2024.12.13-16.20.23:960][725]LogSlate: InvalidateAllWidgets triggered.  All widgets were invalidated
[2024.12.13-16.20.24:008][725]LogAudio: Display: Waited 48.966099 ms for audio thread.
[2024.12.13-16.20.24:010][725]LogAudio: Display: Audio Device unregistered from world 'None'.
[2024.12.13-16.20.24:011][725]LogUObjectHash: Compacting FUObjectHashTables data took   0.51ms
[2024.12.13-16.20.24:012][725]LogStreaming: Display: FlushAsyncLoading: 1 QueuedPackages, 0 AsyncPackages
[2024.12.13-16.20.24:028][725]LogAudio: Display: Audio Device (ID: 1) registered with world 'level1'.
[2024.12.13-16.20.24:029][725]LogAIModule: Creating AISystem for world level1
[2024.12.13-16.20.24:029][725]LogLoad: Game class is 'GameModeBase'
[2024.12.13-16.20.24:030][725]LogWorld: Bringing World /Game/Maps/maze/level1.level1 up for play (max tick rate 0) at 2024.12.13-17.20.24
[2024.12.13-16.20.24:030][725]LogWorld: Bringing up level for play took: 0.000348
[2024.12.13-16.20.24:031][725]LogLoad: Took 0.071721 seconds to LoadMap(/Game/Maps/maze/level1)
[2024.12.13-16.20.28:045][928]Closing by request
[2024.12.13-16.20.28:045][928]LogWindows: FPlatformMisc::RequestExit(0)
[2024.12.13-16.20.28:045][928]LogWindows: FPlatformMisc::RequestExitWithStatus(0, 0)
[2024.12.13-16.20.28:045][928]LogCore: Engine exit requested (reason: Win RequestExit)
[2024.12.13-16.20.28:048][929]LogCore: Engine exit requested (reason: EngineExit() was called; note: exit was already requested)
[2024.12.13-16.20.28:048][929]LogInit: Display: PreExit Game.
[2024.12.13-16.20.28:053][929]LogWorld: BeginTearingDown for /Game/Maps/maze/level1
[2024.12.13-16.20.28:053][929]LogWorld: UWorld::CleanupWorld for level1, bSessionEnded=true, bCleanupResources=true
[2024.12.13-16.20.28:054][929]LogSlate: InvalidateAllWidgets triggered.  All widgets were invalidated
[2024.12.13-16.20.28:203][929]LogAudio: Display: Beginning Audio Device Manager Shutdown (Module: AudioMixerXAudio2)...
[2024.12.13-16.20.28:203][929]LogAudio: Display: Destroying 1 Remaining Audio Device(s)...
[2024.12.13-16.20.28:203][929]LogAudio: Display: Audio Device unregistered from world 'level1'.
[2024.12.13-16.20.28:229][929]LogAudioMixer: FMixerPlatformXAudio2::StopAudioStream() called
[2024.12.13-16.20.28:229][929]LogAudioMixer: FMixerPlatformXAudio2::StopAudioStream() called
[2024.12.13-16.20.28:232][929]LogAudio: Display: Audio Device Manager Shutdown
[2024.12.13-16.20.28:232][929]LogSlate: Request Window 'Maze_ER (64-bit Development PCD3D_SM5) ' being destroyed
[2024.12.13-16.20.28:239][929]LogSlate: Window 'Maze_ER (64-bit Development PCD3D_SM5) ' being destroyed
[2024.12.13-16.20.28:239][929]LogWindowsTextInputMethodSystem: Display: IME system deactivated.
[2024.12.13-16.20.28:252][929]LogExit: Preparing to exit.
[2024.12.13-16.20.28:252][929]LogMoviePlayer: Shutting down movie player
[2024.12.13-16.20.28:254][929]LogSlate: Updating window title bar state: overlay mode, drag disabled, window buttons hidden, title bar hidden
[2024.12.13-16.20.28:266][929]LogExit: Game engine shut down
[2024.12.13-16.20.28:267][929]LogDemo: Cleaned up 0 splitscreen connections with owner deletion
[2024.12.13-16.20.28:279][929]LogExit: Object subsystem successfully closed.
[2024.12.13-16.20.28:287][929]LogModuleManager: Shutting down and abandoning module AutomationController (358)
[2024.12.13-16.20.28:287][929]LogModuleManager: Shutting down and abandoning module AutomationWorker (356)
[2024.12.13-16.20.28:287][929]LogModuleManager: Shutting down and abandoning module Voice (354)
[2024.12.13-16.20.28:287][929]LogModuleManager: Shutting down and abandoning module AIModule (352)
[2024.12.13-16.20.28:287][929]LogModuleManager: Shutting down and abandoning module GameplayDebugger (351)
[2024.12.13-16.20.28:287][929]LogModuleManager: Shutting down and abandoning module NavigationSystem (349)
[2024.12.13-16.20.28:287][929]LogModuleManager: Shutting down and abandoning module WebMMediaFactory (346)
[2024.12.13-16.20.28:287][929]LogModuleManager: Shutting down and abandoning module WebMMedia (344)
[2024.12.13-16.20.28:287][929]LogModuleManager: Shutting down and abandoning module OpenXRInput (342)
[2024.12.13-16.20.28:287][929]LogModuleManager: Shutting down and abandoning module OculusMR (340)
[2024.12.13-16.20.28:287][929]LogModuleManager: Shutting down and abandoning module WmfMediaFactory (338)
[2024.12.13-16.20.28:287][929]LogModuleManager: Shutting down and abandoning module OpenExrWrapper (336)
[2024.12.13-16.20.28:287][929]LogModuleManager: Shutting down and abandoning module ImgMediaFactory (334)
[2024.12.13-16.20.28:287][929]LogModuleManager: Shutting down and abandoning module AvfMediaFactory (332)
[2024.12.13-16.20.28:287][929]LogModuleManager: Shutting down and abandoning module CharacterAI (330)
[2024.12.13-16.20.28:287][929]LogModuleManager: Shutting down and abandoning module PlanarCut (328)
[2024.12.13-16.20.28:287][929]LogModuleManager: Shutting down and abandoning module SessionServices (326)
[2024.12.13-16.20.28:287][929]LogModuleManager: Shutting down and abandoning module LiveCoding (324)
[2024.12.13-16.20.28:287][929]LogModuleManager: Shutting down and abandoning module LevelSequence (322)
[2024.12.13-16.20.28:287][929]LogModuleManager: Shutting down and abandoning module MovieSceneTracks (320)
[2024.12.13-16.20.28:287][929]LogModuleManager: Shutting down and abandoning module MovieScene (318)
[2024.12.13-16.20.28:287][929]LogModuleManager: Shutting down and abandoning module StreamingPauseRendering (316)
[2024.12.13-16.20.28:287][929]LogModuleManager: Shutting down and abandoning module AudioMixerXAudio2 (314)
[2024.12.13-16.20.28:287][929]LogModuleManager: Shutting down and abandoning module AudioMixerCore (313)
[2024.12.13-16.20.28:287][929]LogModuleManager: Shutting down and abandoning module ImageWriteQueue (310)
[2024.12.13-16.20.28:288][929]LogModuleManager: Shutting down and abandoning module ProfilerService (308)
[2024.12.13-16.20.28:459][929]LogModuleManager: Shutting down and abandoning module TaskGraph (306)
[2024.12.13-16.20.28:459][929]LogModuleManager: Shutting down and abandoning module Synthesis (304)
[2024.12.13-16.20.28:459][929]LogModuleManager: Shutting down and abandoning module TakeMovieScene (302)
[2024.12.13-16.20.28:459][929]LogModuleManager: Shutting down and abandoning module LiveLinkMovieScene (300)
[2024.12.13-16.20.28:459][929]LogModuleManager: Shutting down and abandoning module LiveLinkComponents (298)
[2024.12.13-16.20.28:459][929]LogModuleManager: Shutting down and abandoning module LiveLink (296)
[2024.12.13-16.20.29:199][929]LogModuleManager: Shutting down and abandoning module OculusInput (294)
[2024.12.13-16.20.29:199][929]LogModuleManager: Shutting down and abandoning module MobilePatchingUtils (292)
[2024.12.13-16.20.29:199][929]LogModuleManager: Shutting down and abandoning module GooglePAD (290)
[2024.12.13-16.20.29:199][929]LogModuleManager: Shutting down and abandoning module CustomMeshComponent (288)
[2024.12.13-16.20.29:199][929]LogModuleManager: Shutting down and abandoning module CableComponent (286)
[2024.12.13-16.20.29:199][929]LogModuleManager: Shutting down and abandoning module AudioCapture (284)
[2024.12.13-16.20.29:199][929]LogModuleManager: Shutting down and abandoning module AudioCaptureRtAudio (283)
[2024.12.13-16.20.29:199][929]LogModuleManager: Shutting down and abandoning module AssetTags (280)
[2024.12.13-16.20.29:199][929]LogModuleManager: Shutting down and abandoning module ArchVisCharacter (278)
[2024.12.13-16.20.29:199][929]LogModuleManager: Shutting down and abandoning module AppleImageUtils (276)
[2024.12.13-16.20.29:199][929]LogModuleManager: Shutting down and abandoning module AndroidPermission (274)
[2024.12.13-16.20.29:199][929]LogModuleManager: Shutting down and abandoning module ActorLayerUtilities (272)
[2024.12.13-16.20.29:199][929]LogModuleManager: Shutting down and abandoning module MediaCompositing (270)
[2024.12.13-16.20.29:199][929]LogModuleManager: Shutting down and abandoning module ImgMedia (268)
[2024.12.13-16.20.29:199][929]LogModuleManager: Shutting down and abandoning module MagicLeapLightEstimation (266)
[2024.12.13-16.20.29:199][929]LogModuleManager: Shutting down and abandoning module MagicLeapHelperVulkan (264)
[2024.12.13-16.20.29:199][929]LogModuleManager: Shutting down and abandoning module MagicLeapHelperOpenGL (262)
[2024.12.13-16.20.29:199][929]LogModuleManager: Shutting down and abandoning module MagicLeapAudio (260)
[2024.12.13-16.20.29:199][929]LogModuleManager: Shutting down and abandoning module MagicLeapSharedWorld (258)
[2024.12.13-16.20.29:199][929]LogModuleManager: Shutting down and abandoning module OpenImageDenoise (256)
[2024.12.13-16.20.29:199][929]LogModuleManager: Shutting down and abandoning module MotoSynth (254)
[2024.12.13-16.20.29:199][929]LogModuleManager: Shutting down and abandoning module ChaosNiagara (252)
[2024.12.13-16.20.29:199][929]LogModuleManager: Shutting down and abandoning module ProceduralMeshComponent (250)
[2024.12.13-16.20.29:199][929]LogModuleManager: Shutting down and abandoning module GeometryCollectionTracks (248)
[2024.12.13-16.20.29:199][929]LogModuleManager: Shutting down and abandoning module EditableMesh (246)
[2024.12.13-16.20.29:199][929]LogModuleManager: Shutting down and abandoning module MeshConversion (244)
[2024.12.13-16.20.29:199][929]LogModuleManager: Shutting down and abandoning module DynamicMesh (242)
[2024.12.13-16.20.29:199][929]LogModuleManager: Shutting down and abandoning module GeometryAlgorithms (240)
[2024.12.13-16.20.29:199][929]LogModuleManager: Shutting down and abandoning module GeometricObjects (238)
[2024.12.13-16.20.29:199][929]LogModuleManager: Shutting down and abandoning module BackChannel (236)
[2024.12.13-16.20.29:199][929]LogModuleManager: Shutting down and abandoning module AutomationUtils (234)
[2024.12.13-16.20.29:199][929]LogModuleManager: Shutting down and abandoning module GeometryCacheTracks (232)
[2024.12.13-16.20.29:199][929]LogModuleManager: Shutting down and abandoning module GeometryCache (230)
[2024.12.13-16.20.29:199][929]LogModuleManager: Shutting down and abandoning module UObjectPlugin (228)
[2024.12.13-16.20.29:199][929]LogModuleManager: Shutting down and abandoning module OodleNetworkHandlerComponent (226)
[2024.12.13-16.20.29:199][929]LogModuleManager: Shutting down and abandoning module TemplateSequence (224)
[2024.12.13-16.20.29:199][929]LogModuleManager: Shutting down and abandoning module AudioSynesthesia (222)
[2024.12.13-16.20.29:199][929]LogModuleManager: Shutting down and abandoning module AudioSynesthesiaCore (220)
[2024.12.13-16.20.29:199][929]LogModuleManager: Shutting down and abandoning module SoundFields (218)
[2024.12.13-16.20.29:199][929]LogModuleManager: Shutting down and abandoning module RuntimePhysXCooking (216)
[2024.12.13-16.20.29:199][929]LogModuleManager: Shutting down and abandoning module LocationServicesBPLibrary (212)
[2024.12.13-16.20.29:199][929]LogModuleManager: Shutting down and abandoning module ActorSequence (210)
[2024.12.13-16.20.29:199][929]LogModuleManager: Shutting down and abandoning module UdpMessaging (208)
[2024.12.13-16.20.29:199][929]LogModuleManager: Shutting down and abandoning module TcpMessaging (206)
[2024.12.13-16.20.29:199][929]LogModuleManager: Shutting down and abandoning module ImgMediaEngine (204)
[2024.12.13-16.20.29:199][929]LogModuleManager: Shutting down and abandoning module MagicLeapHandMeshing (202)
[2024.12.13-16.20.29:199][929]LogModuleManager: Shutting down and abandoning module MagicLeapSecureStorage (200)
[2024.12.13-16.20.29:199][929]LogModuleManager: Shutting down and abandoning module MagicLeapPrivileges (198)
[2024.12.13-16.20.29:199][929]LogModuleManager: Shutting down and abandoning module MagicLeapPlanes (196)
[2024.12.13-16.20.29:199][929]LogModuleManager: Shutting down and abandoning module MagicLeapImageTracker (194)
[2024.12.13-16.20.29:199][929]LogModuleManager: Shutting down and abandoning module MagicLeapIdentity (192)
[2024.12.13-16.20.29:199][929]LogModuleManager: Shutting down and abandoning module MagicLeapHandTracking (190)
[2024.12.13-16.20.29:199][929]LogModuleManager: Shutting down and abandoning module MagicLeapEyeTracker (188)
[2024.12.13-16.20.29:199][929]LogModuleManager: Shutting down and abandoning module MagicLeapController (186)
[2024.12.13-16.20.29:199][929]LogModuleManager: Shutting down and abandoning module MagicLeapARPinImpl (184)
[2024.12.13-16.20.29:199][929]LogModuleManager: Shutting down and abandoning module MagicLeapAR (182)
[2024.12.13-16.20.29:199][929]LogModuleManager: Shutting down and abandoning module MagicLeapARPin (180)
[2024.12.13-16.20.29:199][929]LogModuleManager: Shutting down and abandoning module NiagaraAnimNotifies (178)
[2024.12.13-16.20.29:199][929]LogModuleManager: Shutting down and abandoning module Niagara (176)
[2024.12.13-16.20.29:199][929]LogModuleManager: Shutting down and abandoning module SignalProcessing (175)
[2024.12.13-16.20.29:199][929]LogModuleManager: Shutting down and abandoning module NiagaraCore (172)
[2024.12.13-16.20.29:199][929]LogModuleManager: Shutting down and abandoning module FacialAnimation (170)
[2024.12.13-16.20.29:199][929]LogModuleManager: Shutting down and abandoning module SignificanceManager (168)
[2024.12.13-16.20.29:199][929]LogModuleManager: Shutting down and abandoning module AnimationSharing (166)
[2024.12.13-16.20.29:200][929]LogModuleManager: Shutting down and abandoning module GameplayCameras (164)
[2024.12.13-16.20.29:200][929]LogModuleManager: Shutting down and abandoning module LightPropagationVolumeRuntime (162)
[2024.12.13-16.20.29:200][929]LogModuleManager: Shutting down and abandoning module Paper2D (160)
[2024.12.13-16.20.29:200][929]LogModuleManager: Shutting down and abandoning module WindowsMoviePlayer (158)
[2024.12.13-16.20.29:200][929]LogModuleManager: Shutting down and abandoning module WebMMoviePlayer (156)
[2024.12.13-16.20.29:200][929]LogModuleManager: Shutting down and abandoning module NetworkReplayStreaming (154)
[2024.12.13-16.20.29:200][929]LogModuleManager: Shutting down and abandoning module PacketHandler (152)
[2024.12.13-16.20.29:200][929]LogModuleManager: Shutting down and abandoning module ClothingSystemRuntimeNv (150)
[2024.12.13-16.20.29:200][929]LogModuleManager: Shutting down and abandoning module MediaAssets (148)
[2024.12.13-16.20.29:200][929]LogModuleManager: Shutting down and abandoning module Overlay (146)
[2024.12.13-16.20.29:200][929]LogModuleManager: Shutting down and abandoning module FunctionalTesting (144)
[2024.12.13-16.20.29:200][929]LogModuleManager: Shutting down and abandoning module MessageLog (142)
[2024.12.13-16.20.29:200][929]LogModuleManager: Shutting down and abandoning module UMG (140)
[2024.12.13-16.20.29:200][929]LogModuleManager: Shutting down and abandoning module SlateReflector (138)
[2024.12.13-16.20.29:200][929]LogModuleManager: Shutting down and abandoning module Slate (136)
[2024.12.13-16.20.29:200][929]LogModuleManager: Shutting down and abandoning module SlateCore (134)
[2024.12.13-16.20.29:200][929]LogModuleManager: Shutting down and abandoning module MRMesh (132)
[2024.12.13-16.20.29:200][929]LogModuleManager: Shutting down and abandoning module Messaging (130)
[2024.12.13-16.20.29:200][929]LogModuleManager: Shutting down and abandoning module HeadMountedDisplay (128)
[2024.12.13-16.20.29:200][929]LogModuleManager: Shutting down and abandoning module XAudio2 (126)
[2024.12.13-16.20.29:200][929]LogModuleManager: Shutting down and abandoning module Networking (124)
[2024.12.13-16.20.29:200][929]LogModuleManager: Shutting down and abandoning module Core (122)
[2024.12.13-16.20.29:200][929]LogModuleManager: Shutting down and abandoning module FieldSystemEngine (120)
[2024.12.13-16.20.29:200][929]LogModuleManager: Shutting down and abandoning module ImageWrapper (116)
[2024.12.13-16.20.29:200][929]LogModuleManager: Shutting down and abandoning module D3D11RHI (114)
[2024.12.13-16.20.29:200][929]LogModuleManager: Shutting down and abandoning module InputCore (112)
[2024.12.13-16.20.29:200][929]LogModuleManager: Shutting down and abandoning module Settings (110)
[2024.12.13-16.20.29:200][929]LogModuleManager: Shutting down and abandoning module PhysXCooking (108)
[2024.12.13-16.20.29:200][929]LogModuleManager: Shutting down and abandoning module Chaos (106)
[2024.12.13-16.20.29:200][929]LogModuleManager: Shutting down and abandoning module WindowsPlatformFeatures (104)
[2024.12.13-16.20.29:200][929]LogModuleManager: Shutting down and abandoning module GameplayMediaEncoder (103)
[2024.12.13-16.20.29:200][929]LogModuleManager: Shutting down and abandoning module AVEncoder (102)
[2024.12.13-16.20.29:200][929]LogModuleManager: Shutting down and abandoning module SteamVRInputDevice (98)
[2024.12.13-16.20.29:201][929]LogModuleManager: Shutting down and abandoning module SteamVRInput (96)
[2024.12.13-16.20.29:201][929]LogModuleManager: Shutting down and abandoning module SteamVR (94)
[2024.12.13-16.20.29:201][929]LogHMD: Freeing OpenVRDLLHandle.
[2024.12.13-16.20.29:201][929]LogModuleManager: Shutting down and abandoning module OpenXRHandTracking (92)
[2024.12.13-16.20.29:201][929]LogSlate: Slate User Destroyed.  User Index 0, Is Virtual User: 0
[2024.12.13-16.20.29:201][929]LogModuleManager: Shutting down and abandoning module OpenXRAR (90)
[2024.12.13-16.20.29:201][929]LogModuleManager: Shutting down and abandoning module AugmentedReality (89)
[2024.12.13-16.20.29:201][929]LogModuleManager: Shutting down and abandoning module OpenXRHMD (86)
[2024.12.13-16.20.29:201][929]LogModuleManager: Shutting down and abandoning module OpenXREyeTracker (84)
[2024.12.13-16.20.29:201][929]LogModuleManager: Shutting down and abandoning module OculusHMD (82)
[2024.12.13-16.20.29:201][929]LogModuleManager: Shutting down and abandoning module ExampleDeviceProfileSelector (80)
[2024.12.13-16.20.29:201][929]LogModuleManager: Shutting down and abandoning module ChunkDownloader (78)
[2024.12.13-16.20.29:201][929]LogModuleManager: Shutting down and abandoning module LauncherChunkInstaller (76)
[2024.12.13-16.20.29:201][929]LogModuleManager: Shutting down and abandoning module OnlineSubsystem (72)
[2024.12.13-16.20.29:201][929]LogModuleManager: Shutting down and abandoning module HTTP (67)
[2024.12.13-16.20.29:201][929]LogHttp: Display: cleaning up 0 outstanding Http requests.
[2024.12.13-16.20.29:221][929]LogModuleManager: Shutting down and abandoning module SSL (66)
[2024.12.13-16.20.29:221][929]LogModuleManager: Shutting down and abandoning module WmfMedia (62)
[2024.12.13-16.20.29:221][929]LogModuleManager: Shutting down and abandoning module Media (61)
[2024.12.13-16.20.29:221][929]LogModuleManager: Shutting down and abandoning module MediaInfo (60)
[2024.12.13-16.20.29:221][929]LogModuleManager: Shutting down and abandoning module ExrReaderGpu (56)
[2024.12.13-16.20.29:221][929]LogModuleManager: Shutting down and abandoning module MLSDK (54)
[2024.12.13-16.20.29:221][929]LogModuleManager: Shutting down and abandoning module MagicLeap (52)
[2024.12.13-16.20.29:221][929]LogModuleManager: Shutting down and abandoning module NiagaraVertexFactories (50)
[2024.12.13-16.20.29:221][929]LogModuleManager: Shutting down and abandoning module NiagaraShader (48)
[2024.12.13-16.20.29:221][929]LogModuleManager: Shutting down and abandoning module ChaosCloth (46)
[2024.12.13-16.20.29:221][929]LogModuleManager: Shutting down and abandoning module VariantManagerContent (44)
[2024.12.13-16.20.29:221][929]LogModuleManager: Shutting down and abandoning module DatasmithContent (42)
[2024.12.13-16.20.29:222][929]LogModuleManager: Shutting down and abandoning module PixWinPlugin (40)
[2024.12.13-16.20.29:222][929]LogModuleManager: Shutting down and abandoning module AISupportModule (38)
[2024.12.13-16.20.29:222][929]LogModuleManager: Shutting down and abandoning module PlatformCryptoOpenSSL (36)
[2024.12.13-16.20.29:222][929]LogModuleManager: Shutting down and abandoning module PlatformCryptoTypes (34)
[2024.12.13-16.20.29:222][929]LogModuleManager: Shutting down and abandoning module PlatformCrypto (32)
[2024.12.13-16.20.29:222][929]LogModuleManager: Shutting down and abandoning module PythonScriptPluginPreload (30)
[2024.12.13-16.20.29:222][929]LogModuleManager: Shutting down and abandoning module OodleDataCompressionFormat (28)
[2024.12.13-16.20.29:222][929]LogModuleManager: Shutting down and abandoning module RenderCore (26)
[2024.12.13-16.20.29:222][929]LogModuleManager: Shutting down and abandoning module Landscape (24)
[2024.12.13-16.20.29:222][929]LogModuleManager: Shutting down and abandoning module SlateRHIRenderer (22)
[2024.12.13-16.20.29:222][929]LogModuleManager: Shutting down and abandoning module AnimGraphRuntime (20)
[2024.12.13-16.20.29:222][929]LogModuleManager: Shutting down and abandoning module Renderer (18)
[2024.12.13-16.20.29:222][929]LogModuleManager: Shutting down and abandoning module Engine (16)
[2024.12.13-16.20.29:222][929]LogModuleManager: Shutting down and abandoning module CoreUObject (14)
[2024.12.13-16.20.29:222][929]LogModuleManager: Shutting down and abandoning module NetworkFile (12)
[2024.12.13-16.20.29:222][929]LogModuleManager: Shutting down and abandoning module CookedIterativeFile (10)
[2024.12.13-16.20.29:222][929]LogModuleManager: Shutting down and abandoning module StreamingFile (8)
[2024.12.13-16.20.29:222][929]LogModuleManager: Shutting down and abandoning module SandboxFile (6)
[2024.12.13-16.20.29:222][929]LogModuleManager: Shutting down and abandoning module PakFile (4)
[2024.12.13-16.20.29:223][929]LogModuleManager: Shutting down and abandoning module RSA (3)
[2024.12.13-16.20.29:223][929]LogContentStreaming: Display: There are 1 unreleased StreamingManagers
[2024.12.13-16.20.29:226][929]LogD3D11RHI: Shutdown
[2024.12.13-16.20.29:227][929]LogD3D11RHI: CleanupD3DDevice
[2024.12.13-16.20.29:228][929]LogExit: Exiting.
[2024.12.13-16.20.29:245][929]Log file closed, 12/13/24 17:20:29
